<?xml version="1.0" encoding="UTF-8"?>
<!-- Generated by org.testng.reporters.JUnitReportReporter -->
<testsuite skipped="0" hostname="Amits-MacBook-Pro.local" name="Tests.SpicejetTests" tests="1" failures="0" timestamp="2022-06-23T13:01:05 IST" time="42.102" errors="0">
  <testcase name="test1" time="42.102" classname="Tests.SpicejetTests"/>
  <system-out/>
</testsuite> <!-- Tests.SpicejetTests -->
