<?xml version="1.0" encoding="UTF-8"?>
<!-- Generated by org.testng.reporters.JUnitReportReporter -->
<testsuite skipped="0" hostname="Amits-MacBook-Pro.local" name="fabonacci.fabonacciseriesInterviewQ" tests="2" failures="0" timestamp="2023-03-04T20:37:09 IST" time="11.442" errors="0">
  <testcase name="testfabonacci" time="8.470" classname="fabonacci.fabonacciseriesInterviewQ"/>
  <system-out/>
  <testcase name="test1" time="2.972" classname="fabonacci.fabonacciseriesInterviewQ"/>
  <system-out/>
</testsuite> <!-- fabonacci.fabonacciseriesInterviewQ -->
