<?xml version="1.0" encoding="UTF-8"?>
<!-- Generated by org.testng.reporters.JUnitReportReporter -->
<testsuite skipped="0" hostname="Amits-MacBook-Pro.local" name="Restassured.getnpostmethod" tests="2" failures="0" timestamp="2022-06-30T10:02:56 IST" time="5.341" errors="0">
  <testcase name="getmethod" time="4.288" classname="Restassured.getnpostmethod"/>
  <system-out/>
  <testcase name="postmehtod" time="1.053" classname="Restassured.getnpostmethod"/>
  <system-out/>
</testsuite> <!-- Restassured.getnpostmethod -->
