<?xml version="1.0" encoding="UTF-8"?>
<!-- Generated by org.testng.reporters.JUnitReportReporter -->
<testsuite skipped="0" hostname="Amits-MacBook-Pro.local" name="Restassured.putpostndelete" tests="3" failures="0" timestamp="2022-06-30T15:12:33 IST" time="6.535" errors="0">
  <testcase name="deletem" time="0.581" classname="Restassured.putpostndelete"/>
  <system-out/>
  <testcase name="dataputm" time="0.825" classname="Restassured.putpostndelete"/>
  <system-out/>
  <testcase name="dataputm" time="5.129" classname="Restassured.putpostndelete"/>
  <system-out/>
</testsuite> <!-- Restassured.putpostndelete -->
